[debug] [2026-07-11T12:22:25.329Z] ----------------------------------------------------------------------
[debug] [2026-07-11T12:22:25.330Z] Command:       /Users/devorah/.nvm/versions/node/v22.23.1/bin/node /Users/devorah/.nvm/versions/node/v22.23.1/bin/firebase deploy --only hosting --non-interactive
[debug] [2026-07-11T12:22:25.330Z] CLI Version:   15.22.3
[debug] [2026-07-11T12:22:25.330Z] Platform:      darwin
[debug] [2026-07-11T12:22:25.330Z] Node Version:  v22.23.1
[debug] [2026-07-11T12:22:25.330Z] Detected Agent: antigravity
[debug] [2026-07-11T12:22:25.330Z] Time:          Sat Jul 11 2026 21:22:25 GMT+0900 (Korean Standard Time)
[debug] [2026-07-11T12:22:25.330Z] ----------------------------------------------------------------------
[debug] 
[debug] [2026-07-11T12:22:25.892Z] > command requires scopes: ["email","openid","https://www.googleapis.com/auth/cloudplatformprojects.readonly","https://www.googleapis.com/auth/firebase","https://www.googleapis.com/auth/cloud-platform"]
[debug] [2026-07-11T12:22:25.892Z] > authorizing via signed-in user (specie119@gmail.com)
[debug] [2026-07-11T12:22:25.893Z] [iam] checking project devorah-b7fe7 for permissions ["firebase.projects.get","firebasehosting.sites.update"]
[debug] [2026-07-11T12:22:25.893Z] Checked if tokens are valid: true, expires at: 1783775645297
[debug] [2026-07-11T12:22:25.893Z] Checked if tokens are valid: true, expires at: 1783775645297
[debug] [2026-07-11T12:22:25.893Z] >>> [apiv2][query] POST https://cloudresourcemanager.googleapis.com/v1/projects/devorah-b7fe7:testIamPermissions [none]
[debug] [2026-07-11T12:22:25.893Z] >>> [apiv2][(partial)header] POST https://cloudresourcemanager.googleapis.com/v1/projects/devorah-b7fe7:testIamPermissions  x-goog-user-project=devorah-b7fe7
[debug] [2026-07-11T12:22:25.893Z] >>> [apiv2][body] POST https://cloudresourcemanager.googleapis.com/v1/projects/devorah-b7fe7:testIamPermissions {"permissions":["firebase.projects.get","firebasehosting.sites.update"]}
[debug] [2026-07-11T12:22:26.153Z] <<< [apiv2][status] POST https://cloudresourcemanager.googleapis.com/v1/projects/devorah-b7fe7:testIamPermissions 200
[debug] [2026-07-11T12:22:26.154Z] <<< [apiv2][body] POST https://cloudresourcemanager.googleapis.com/v1/projects/devorah-b7fe7:testIamPermissions {"permissions":["firebase.projects.get","firebasehosting.sites.update"]}
[debug] [2026-07-11T12:22:26.154Z] Checked if tokens are valid: true, expires at: 1783775645297
[debug] [2026-07-11T12:22:26.154Z] Checked if tokens are valid: true, expires at: 1783775645297
[debug] [2026-07-11T12:22:26.154Z] >>> [apiv2][query] GET https://firebase.googleapis.com/v1beta1/projects/devorah-b7fe7 [none]
[debug] [2026-07-11T12:22:26.634Z] <<< [apiv2][status] GET https://firebase.googleapis.com/v1beta1/projects/devorah-b7fe7 200
[debug] [2026-07-11T12:22:26.634Z] <<< [apiv2][body] GET https://firebase.googleapis.com/v1beta1/projects/devorah-b7fe7 {"projectId":"devorah-b7fe7","projectNumber":"174063574851","displayName":"Devorah","name":"projects/devorah-b7fe7","resources":{"hostingSite":"devorah-b7fe7"},"state":"ACTIVE","labels":{"firebase":"enabled"},"etag":"1_75c13d0a-f5db-4084-ba12-30af454c21cd"}
[info] 
   Thank you for trying our early preview of Next.js support on Firebase Hosting.
   During the preview, support is best-effort and breaking changes can be expected. Proceed with caution.
   The integration is known to work with Next.js version 12 - 16.0. You may encounter errors.

   Documentation: https://firebase.google.com/docs/hosting/frameworks/nextjs
   File a bug: https://github.com/firebase/firebase-tools/issues/new?template=bug_report.md
   Submit a feature request: https://github.com/firebase/firebase-tools/issues/new?template=feature_request.md

   We'd love to learn from you. Express your interest in helping us shape the future of Firebase Hosting: https://goo.gle/41enW5X

[debug] [2026-07-11T12:22:28.464Z] Checked if tokens are valid: true, expires at: 1783775645297
[debug] [2026-07-11T12:22:28.464Z] Checked if tokens are valid: true, expires at: 1783775645297
[debug] [2026-07-11T12:22:28.464Z] >>> [apiv2][query] GET https://firebasehosting.googleapis.com/v1beta1/projects/devorah-b7fe7/sites/devorah-b7fe7 [none]
[debug] [2026-07-11T12:22:29.498Z] <<< [apiv2][status] GET https://firebasehosting.googleapis.com/v1beta1/projects/devorah-b7fe7/sites/devorah-b7fe7 200
[debug] [2026-07-11T12:22:29.498Z] <<< [apiv2][body] GET https://firebasehosting.googleapis.com/v1beta1/projects/devorah-b7fe7/sites/devorah-b7fe7 {"name":"projects/devorah-b7fe7/sites/devorah-b7fe7","defaultUrl":"https://devorah-b7fe7.web.app","appId":"1:174063574851:web:b48006ef7e2096da4b19f6","type":"DEFAULT_SITE"}
[info] ▲ Next.js 16.2.10 (Turbopack)

[info] - Environments: .env


[info]   Creating an optimized production build ...

[info] ✓ Compiled successfully in 1349ms

[info]   Running TypeScript ...

[info] Failed to type check.


[info] ./legacy/인플루언서크리에이터를위한컨텐츠생성 2/src/app/api/characters/[id]/route.ts:2:20
Type error: Cannot find module '@/lib/store' or its corresponding type declarations.

  1 | import { NextRequest, NextResponse } from "next/server";
> 2 | import { db } from "@/lib/store";
    |                    ^
  3 | import { refreshCharacter } from "@/lib/higgsfield";
  4 |
  5 | export const dynamic = "force-dynamic";

[info] Next.js build worker exited with code: 1 and signal: null

[debug] [2026-07-11T12:22:33.441Z] Error: ENOENT: no such file or directory, open '/Users/devorah/connect/ReVowStudioAI/.next/export-marker.json'
[error] 
[error] Error: An unexpected error has occurred.
